/data/data/com.termux/files/usr/bin/startxfce4: X server already running on display :0

(xfce4-session:28277): libxfce4util-WARNING **: 18:56:49.591: Failed to get a ConsoleKit proxy: Could not connect: No such file or directory
** Message: 18:56:49.603: Failed to fetch _NET_NUMBER_OF_DESKTOPS; assuming 1
** Message: 18:56:49.603: Failed to get _NET_WORKAREA; using full screen dimensions
** Message: 18:56:49.603: Failed to fetch _NET_CURRENT_DESKTOP; assuming 0
** Message: 18:56:49.604: Failed to fetch _NET_CURRENT_DESKTOP; assuming 0
** Message: 18:56:49.944: Failed to fetch _NET_CURRENT_DESKTOP; assuming 0
Xlib:  extension "DPMS" missing on display ":0.0".

(xfce4-power-manager:28377): xfce4-power-manager-WARNING **: 18:56:50.603: Display is not DPMS capable

(xfce4-power-manager:28377): GLib-GIO-CRITICAL **: 18:56:50.603: g_dbus_connection_signal_subscribe: assertion 'G_IS_DBUS_CONNECTION (connection)' failed

** (xfdesktop:28369): WARNING **: 18:56:52.121: Failed to get system bus: Could not connect: No such file or directory

(xfce4-power-manager:28377): libupower-glib-WARNING **: 18:57:15.785: Couldn't connect to proxy: Error calling StartServiceByName for org.freedesktop.UPower: Timeout was reached

(xfce4-power-manager:28377): libxfce4util-WARNING **: 18:57:15.797: Failed to get a ConsoleKit proxy: Could not connect: No such file or directory

** (xfce4-power-manager:28377): WARNING **: 18:57:15.798: Unable to get the interface, net.hadess.PowerProfiles : Could not connect: No such file or directory

(xfce4-power-manager:28377): xfce4-power-manager-WARNING **: 18:57:40.815: Unable to get the interface, org.freedesktop.UPower.KbdBacklight

(xfce4-power-manager:28377): libxfce4ui-WARNING **: 22:10:44.786: ICE I/O Error

(xfwm4:28321): libxfce4ui-WARNING **: 22:10:44.785: ICE I/O Error

(xfce4-power-manager:28377): libxfce4ui-WARNING **: 22:10:44.788: Disconnected from session manager.

(xfwm4:28321): libxfce4ui-WARNING **: 22:10:44.788: Disconnected from session manager.

(xfdesktop:28369): libxfce4ui-WARNING **: 22:10:44.786: ICE I/O Error

(xfsettingsd:28341): libxfce4ui-WARNING **: 22:10:44.787: ICE I/O Error

(xfdesktop:28369): libxfce4ui-WARNING **: 22:10:44.788: Disconnected from session manager.

(xfsettingsd:28341): libxfce4ui-WARNING **: 22:10:44.788: Disconnected from session manager.

(xfce4-panel:28352): libxfce4ui-WARNING **: 22:10:44.786: ICE I/O Error

(xfce4-panel:28352): libxfce4ui-WARNING **: 22:10:44.789: Disconnected from session manager.

** (xfdesktop:28369): WARNING **: 22:10:44.889: Failed to get system bus: Could not connect: No such file or directory

(xfsettingsd:28341): xfconf-WARNING **: 22:10:44.913: Failed to set property "keyboards::/Default/Numlock": GDBus.Error:org.freedesktop.DBus.Error.Spawn.ChildExited: Process org.xfce.Xfconf exited with status 1
